LHAPDF 6.4.0 loading /cvmfs/cms.cern.ch/el9_amd64_gcc12/external/lhapdf/6.4.0-e7c4b9323f96fa15c22775e405ec99ed/share/LHAPDF/NNPDF31_nnlo_as_0118/NNPDF31_nnlo_as_0118_0000.dat
NNPDF31_nnlo_as_0118 PDF set, member #0, version 1; LHAPDF ID = 303600
terminate called after throwing an instance of 'LHAPDF::ReadError'
  what():  Info file not found for PDF set 'SF_MSHT20qed_nnlo'

Program received signal SIGABRT: Process abort signal.

Backtrace for this error:
#0  0x7f997be3fc2f in ???
#1  0x7f997be8d06c in ???
#2  0x7f997be3fb85 in ???
#3  0x7f997be29872 in ???
#4  0x7f997baa1a48 in _ZN9__gnu_cxx27__verbose_terminate_handlerEv
	at ../../../../libstdc++-v3/libsupc++/vterminate.cc:95
#5  0x7f997baace69 in _ZN10__cxxabiv111__terminateEPFvvE
	at ../../../../libstdc++-v3/libsupc++/eh_terminate.cc:48
#6  0x7f997baaced4 in _ZSt9terminatev
	at ../../../../libstdc++-v3/libsupc++/eh_terminate.cc:58
#7  0x7f997baad127 in __cxa_throw
	at ../../../../libstdc++-v3/libsupc++/eh_throw.cc:98
#8  0x7f997c62b351 in ???
#9  0x7f997c6609b8 in ???
#10  0x7f997c6619b2 in ???
#11  0x7f997c6bf55b in ???
#12  0x7f997c6c224a in ???
#13  0x7f997c6c2760 in ???
#14  0x422fba in ???
#15  0x402c65 in ???
#16  0x402d82 in ???
#17  0x7f997be2a60f in ???
#18  0x7f997be2a6bf in ???
#19  0x4022c4 in ???
#20  0xffffffffffffffff in ???
./run_superchic_signal.sh: line 190: 4148862 Aborted                 (core dumped) init < job.DAT
