LHAPDF 6.4.0 loading /cvmfs/cms.cern.ch/el9_amd64_gcc12/external/lhapdf/6.4.0-e7c4b9323f96fa15c22775e405ec99ed/share/LHAPDF/NNPDF31_nnlo_as_0118/NNPDF31_nnlo_as_0118_0000.dat
NNPDF31_nnlo_as_0118 PDF set, member #0, version 1; LHAPDF ID = 303600
 [calc_tau_coeff] can only be true for tau tau - set to false
 ***********************************************                                 
 **************  Superchic v5.6.2 ***************                                
 ***********************************************                                 
 *   v5.6.2                     DATE  30.06.2024 *                               
 *                                             *                                 
 * Author: Lucian Harland-Lang                 *                                 
 * (l.harland-lang@ucl.ac.uk)                  *                                 
 *                                             *                                 
 * For details see                             *                                 
 *                                             *                                 
 * arXiv 2303.04826 (ion dissociation)         *                                 
 * arXiv 2201.08403 (WW updates)               *                                 
 * arXiv 2007.12704 (v4 updates)               *                                 
 * arXiv 1812.04886 (SUSY)                     *                                 
 * arXiv 1810.06567                            *                                 
 * arXiv 1508.02718                            *                                 
 * arXiv 1405.0018 (review)                    *                                 
 * arXiv 1005.0695 (quarkonia and diphoton)    *                                 
 * arXiv 1011.0680 (quarkonia)                 *                                 
 * arXiv 1105.1626 (meson pairs)               *                                 
 * arXiv 1302.2004 (meson pairs - eta/eta')    *                                 
 * arXiv 1306.6661 (Skewed PDF)                *                                 
 * arXiv 1306.2149 (Skewed PDF)                *                                 
 *                                             *                                 
 *  Available at :                             *                                 
 *  http:://projects.hepforge.org/superchic    *                                 
 *  https://github.com/LucianHL/SuperChic      *                                 
 ***********************************************                                 
                                                                                 
 **********************************************************        **************
 * Higgs Boson --> bbar production (prot beam)
 ************************************************************************
 
 ********************  Input parameters *********************************
 *              13600.0000         :  CMS collision energy (GeV)
 *                       4         :  Model of soft survival
 *               in136_hbb         :  input file
 *    NNPDF31_nnlo_as_0118         :  PDF set
 *                       0         :  PDF member
 *                       1         :  Process number
 *             hbb_003.dat         :  Output file
 *                       T         :  Include soft survival effects
 ************************************************************************
 *                     el          : Dissociation flag
 ************************************************************************
 
 ********************* Integration parameters  **************************
 *                   10000         :  Preconditioning calls
 *                      10         :  Preconditioning iterations
 *                  1.0000         :  Percentage accuracy
 *                   10000         :  Calls in first main iteration
 *                   10000         :  Increase calls per iteration
 *                    1000         :  Maximum number of iterations
 *                    1001         :  Random number seed
 ************************************************************************
 *                       8         : Survival factor integration par.
 ************************************************************************
At line 39 of file /home/mstamenk/superchic-test/CMSSW_15_0_0/src/SuperChic/src/surv/readscreen.f (unit = 40, file = 'inputs/screeningin136_hbb.dat')
Fortran runtime error: End of file

Error termination. Backtrace:
#0  0x7f7ae5c636e4 in list_formatted_read_scalar
	at ../../../libgfortran/io/list_read.c:2308
#1  0x4243f3 in ???
#2  0x40f46f in ???
#3  0x41159e in ???
#4  0x7f7ae562a60f in ???
#5  0x7f7ae562a6bf in ???
#6  0x402434 in ???
#7  0xffffffffffffffff in ???
Thanks for using LHAPDF 6.4.0. Please make sure to cite the paper:
  Eur.Phys.J. C75 (2015) 3, 132  (http://arxiv.org/abs/1412.7420)
 
 ********************* Unweighted Events  *******************************
 *                       T         :  Generate unweighted events
 *                       1         :  Number of events
 *                     lhe         : Record format
 ************************************************************************
 
 ********************* General Cuts *************************************
 *                 -2.5000         :  Minimum object rapidity
 *                  2.5000         :  Maximum object rapidity
 *                 46.0000         :  Minimum object mass
 *             100000.0000         :  Maximum object mass
 *                       T         :  Include further cuts
 *                       T         :  Include spin correlations
 ************************************************************************
 
 ***************** 2-body decay cuts ************************************
 *                  1.0000         :  pT(a) min
 *                  1.0000         :  pT(b) min
 *                 -3.0000         :  eta(a) min
 *                  3.0000         :  eta(a) max
 *                 -3.0000         :  eta(b) min
 *                  3.0000         :  eta(b) max
 ************************************************************************
 
 Reading data from(env. var.)/home/mstamenk/superchic-test/CMSSW_15_0_0/src/SuperChic/install/share/SuperChic
